2021-09-22 02:19:44.412 [main][4052] INFO  step_definitions.Hooks - Launch Chrome Browser
2021-09-22 02:19:50.156 [main][9796] DEBUG page_objects.NavigationBar - Click on to Bags Link In the Navigation Bar
2021-09-22 02:19:50.269 [main][9909] DEBUG page_objects.NavigationBar - Click on Sign In Link to navigate to the sign in page
2021-09-22 02:19:59.824 [main][19464] DEBUG page_objects.SignIn - Enter user name is : Nibirh54@gmail.com
2021-09-22 02:20:03.130 [main][22770] DEBUG page_objects.SignIn - Enter password is : Appletest12345
2021-09-22 02:20:03.351 [main][22991] DEBUG page_objects.SignIn - Clicked on Sign in Button
2021-09-22 02:20:03.475 [main][23115] INFO  step_definitions.Hooks - Close Chrome Browser
2021-09-22 02:20:06.135 [main][25775] INFO  step_definitions.Hooks - Launch Chrome Browser
2021-09-22 02:20:11.244 [main][30884] DEBUG page_objects.NavigationBar - Click on to Bags Link In the Navigation Bar
2021-09-22 02:20:11.314 [main][30954] DEBUG page_objects.NavigationBar - Click on Sign In Link to navigate to the sign in page
2021-09-22 02:20:20.988 [main][40628] DEBUG page_objects.SignIn - Enter user name is : Nibirh54@gmail.com
2021-09-22 02:20:21.205 [main][40845] DEBUG page_objects.SignIn - Enter password is : Appletest44444
2021-09-22 02:20:24.279 [main][43919] DEBUG page_objects.SignIn - Invalid Password message shown
2021-09-22 02:20:24.279 [main][43919] INFO  step_definitions.Hooks - Close Chrome Browser
2021-09-22 02:20:26.865 [main][46505] INFO  step_definitions.Hooks - Launch Chrome Browser
2021-09-22 02:20:31.664 [main][51304] INFO  step_definitions.MacbookProSteps - User navigates to the apple home page
2021-09-22 02:20:31.751 [main][51391] INFO  step_definitions.MacbookProSteps - User clicks search button
2021-09-22 02:20:31.897 [main][51537] INFO  step_definitions.MacbookProSteps - User Types in search button
2021-09-22 02:20:31.897 [main][51537] INFO  step_definitions.MacbookProSteps - User lands on the Specific page he searched for
2021-09-22 02:20:31.897 [main][51537] INFO  step_definitions.Hooks - Close Chrome Browser
2021-09-22 02:20:34.497 [main][54137] INFO  step_definitions.Hooks - Launch Chrome Browser
2021-09-22 02:20:39.602 [main][59242] DEBUG page_objects.NavigationBar - Click on to Bags Link In the Navigation Bar
2021-09-22 02:20:39.694 [main][59334] DEBUG page_objects.NavigationBar - Click on Sign In Link to navigate to the sign in page
2021-09-22 02:20:47.949 [main][67589] DEBUG page_objects.SignIn - Enter user name is : Nibirh54@gmail.com
2021-09-22 02:20:48.139 [main][67779] DEBUG page_objects.SignIn - Enter password is : Appletest12345
2021-09-22 02:20:48.369 [main][68009] DEBUG page_objects.SignIn - Enter user name is : Nibirh91@gmail.com
2021-09-22 02:20:48.557 [main][68197] DEBUG page_objects.SignIn - Enter password is : Appletest54321
2021-09-22 02:20:48.731 [main][68371] DEBUG page_objects.SignIn - Enter user name is : Nibirwasif@yahoo.com
2021-09-22 02:20:48.931 [main][68571] DEBUG page_objects.SignIn - Enter password is : Appletest12345
2021-09-22 02:20:49.076 [main][68716] DEBUG page_objects.SignIn - Clicked on Sign in Button
2021-09-22 02:20:49.179 [main][68819] INFO  step_definitions.Hooks - Close Chrome Browser
